Symlinking /home/manuel/taskprocess/ARMTaskProcessCheckers/despot/devel/lib/python2.7/dist-packages/laser_tag/__init__.py
Symlinking /home/manuel/taskprocess/ARMTaskProcessCheckers/despot/devel/lib/python2.7/dist-packages/laser_tag/srv/_TagActionObs.py
Symlinking /home/manuel/taskprocess/ARMTaskProcessCheckers/despot/devel/lib/python2.7/dist-packages/laser_tag/srv/_YoubotActionObs.py
Symlinking /home/manuel/taskprocess/ARMTaskProcessCheckers/despot/devel/lib/python2.7/dist-packages/laser_tag/srv/__init__.py
Symlinking /home/manuel/taskprocess/ARMTaskProcessCheckers/despot/devel/lib/pkgconfig/laser_tag.pc
Symlinking /home/manuel/taskprocess/ARMTaskProcessCheckers/despot/devel/lib/laser_tag/test_laser_tag_controller
Symlinking /home/manuel/taskprocess/ARMTaskProcessCheckers/despot/devel/lib/laser_tag/pomdp_planner
Symlinking /home/manuel/taskprocess/ARMTaskProcessCheckers/despot/devel/lib/laser_tag/youbot_interface
Symlinking /home/manuel/taskprocess/ARMTaskProcessCheckers/despot/devel/lib/laser_tag/laser_tag_controller
Symlinking /home/manuel/taskprocess/ARMTaskProcessCheckers/despot/devel/share/roseus/ros/laser_tag/manifest.l
Symlinking /home/manuel/taskprocess/ARMTaskProcessCheckers/despot/devel/share/roseus/ros/laser_tag/srv/TagActionObs.l
Symlinking /home/manuel/taskprocess/ARMTaskProcessCheckers/despot/devel/share/roseus/ros/laser_tag/srv/YoubotActionObs.l
Symlinking /home/manuel/taskprocess/ARMTaskProcessCheckers/despot/devel/share/laser_tag/cmake/laser_tag-msg-paths.cmake
Symlinking /home/manuel/taskprocess/ARMTaskProcessCheckers/despot/devel/share/laser_tag/cmake/laser_tagConfig-version.cmake
Symlinking /home/manuel/taskprocess/ARMTaskProcessCheckers/despot/devel/share/laser_tag/cmake/laser_tag-msg-extras.cmake
Symlinking /home/manuel/taskprocess/ARMTaskProcessCheckers/despot/devel/share/laser_tag/cmake/laser_tagConfig.cmake
Symlinking /home/manuel/taskprocess/ARMTaskProcessCheckers/despot/devel/share/gennodejs/ros/laser_tag/_index.js
Symlinking /home/manuel/taskprocess/ARMTaskProcessCheckers/despot/devel/share/gennodejs/ros/laser_tag/srv/YoubotActionObs.js
Symlinking /home/manuel/taskprocess/ARMTaskProcessCheckers/despot/devel/share/gennodejs/ros/laser_tag/srv/_index.js
Symlinking /home/manuel/taskprocess/ARMTaskProcessCheckers/despot/devel/share/gennodejs/ros/laser_tag/srv/TagActionObs.js
Symlinking /home/manuel/taskprocess/ARMTaskProcessCheckers/despot/devel/share/common-lisp/ros/laser_tag/srv/_package.lisp
Symlinking /home/manuel/taskprocess/ARMTaskProcessCheckers/despot/devel/share/common-lisp/ros/laser_tag/srv/YoubotActionObs.lisp
Symlinking /home/manuel/taskprocess/ARMTaskProcessCheckers/despot/devel/share/common-lisp/ros/laser_tag/srv/_package_YoubotActionObs.lisp
Symlinking /home/manuel/taskprocess/ARMTaskProcessCheckers/despot/devel/share/common-lisp/ros/laser_tag/srv/TagActionObs.lisp
Symlinking /home/manuel/taskprocess/ARMTaskProcessCheckers/despot/devel/share/common-lisp/ros/laser_tag/srv/laser_tag-srv.asd
Symlinking /home/manuel/taskprocess/ARMTaskProcessCheckers/despot/devel/share/common-lisp/ros/laser_tag/srv/_package_TagActionObs.lisp
Symlinking /home/manuel/taskprocess/ARMTaskProcessCheckers/despot/devel/include/laser_tag/YoubotActionObsRequest.h
Symlinking /home/manuel/taskprocess/ARMTaskProcessCheckers/despot/devel/include/laser_tag/TagActionObsRequest.h
Symlinking /home/manuel/taskprocess/ARMTaskProcessCheckers/despot/devel/include/laser_tag/TagActionObsResponse.h
Symlinking /home/manuel/taskprocess/ARMTaskProcessCheckers/despot/devel/include/laser_tag/TagActionObs.h
Symlinking /home/manuel/taskprocess/ARMTaskProcessCheckers/despot/devel/include/laser_tag/YoubotActionObs.h
Symlinking /home/manuel/taskprocess/ARMTaskProcessCheckers/despot/devel/include/laser_tag/YoubotActionObsResponse.h
