Linked: (/home/manuel/taskprocess/ARMTaskProcessCheckers/despot/devel/.private/laser_tag/lib/python2.7/dist-packages/laser_tag/__init__.py, /home/manuel/taskprocess/ARMTaskProcessCheckers/despot/devel/lib/python2.7/dist-packages/laser_tag/__init__.py)
Linked: (/home/manuel/taskprocess/ARMTaskProcessCheckers/despot/devel/.private/laser_tag/lib/python2.7/dist-packages/laser_tag/srv/_TagActionObs.py, /home/manuel/taskprocess/ARMTaskProcessCheckers/despot/devel/lib/python2.7/dist-packages/laser_tag/srv/_TagActionObs.py)
Linked: (/home/manuel/taskprocess/ARMTaskProcessCheckers/despot/devel/.private/laser_tag/lib/python2.7/dist-packages/laser_tag/srv/_YoubotActionObs.py, /home/manuel/taskprocess/ARMTaskProcessCheckers/despot/devel/lib/python2.7/dist-packages/laser_tag/srv/_YoubotActionObs.py)
Linked: (/home/manuel/taskprocess/ARMTaskProcessCheckers/despot/devel/.private/laser_tag/lib/python2.7/dist-packages/laser_tag/srv/__init__.py, /home/manuel/taskprocess/ARMTaskProcessCheckers/despot/devel/lib/python2.7/dist-packages/laser_tag/srv/__init__.py)
Linked: (/home/manuel/taskprocess/ARMTaskProcessCheckers/despot/devel/.private/laser_tag/lib/pkgconfig/laser_tag.pc, /home/manuel/taskprocess/ARMTaskProcessCheckers/despot/devel/lib/pkgconfig/laser_tag.pc)
Linked: (/home/manuel/taskprocess/ARMTaskProcessCheckers/despot/devel/.private/laser_tag/lib/laser_tag/test_laser_tag_controller, /home/manuel/taskprocess/ARMTaskProcessCheckers/despot/devel/lib/laser_tag/test_laser_tag_controller)
Linked: (/home/manuel/taskprocess/ARMTaskProcessCheckers/despot/devel/.private/laser_tag/lib/laser_tag/pomdp_planner, /home/manuel/taskprocess/ARMTaskProcessCheckers/despot/devel/lib/laser_tag/pomdp_planner)
Linked: (/home/manuel/taskprocess/ARMTaskProcessCheckers/despot/devel/.private/laser_tag/lib/laser_tag/youbot_interface, /home/manuel/taskprocess/ARMTaskProcessCheckers/despot/devel/lib/laser_tag/youbot_interface)
Linked: (/home/manuel/taskprocess/ARMTaskProcessCheckers/despot/devel/.private/laser_tag/lib/laser_tag/laser_tag_controller, /home/manuel/taskprocess/ARMTaskProcessCheckers/despot/devel/lib/laser_tag/laser_tag_controller)
Linked: (/home/manuel/taskprocess/ARMTaskProcessCheckers/despot/devel/.private/laser_tag/share/roseus/ros/laser_tag/manifest.l, /home/manuel/taskprocess/ARMTaskProcessCheckers/despot/devel/share/roseus/ros/laser_tag/manifest.l)
Linked: (/home/manuel/taskprocess/ARMTaskProcessCheckers/despot/devel/.private/laser_tag/share/roseus/ros/laser_tag/srv/TagActionObs.l, /home/manuel/taskprocess/ARMTaskProcessCheckers/despot/devel/share/roseus/ros/laser_tag/srv/TagActionObs.l)
Linked: (/home/manuel/taskprocess/ARMTaskProcessCheckers/despot/devel/.private/laser_tag/share/roseus/ros/laser_tag/srv/YoubotActionObs.l, /home/manuel/taskprocess/ARMTaskProcessCheckers/despot/devel/share/roseus/ros/laser_tag/srv/YoubotActionObs.l)
Linked: (/home/manuel/taskprocess/ARMTaskProcessCheckers/despot/devel/.private/laser_tag/share/laser_tag/cmake/laser_tag-msg-paths.cmake, /home/manuel/taskprocess/ARMTaskProcessCheckers/despot/devel/share/laser_tag/cmake/laser_tag-msg-paths.cmake)
Linked: (/home/manuel/taskprocess/ARMTaskProcessCheckers/despot/devel/.private/laser_tag/share/laser_tag/cmake/laser_tagConfig-version.cmake, /home/manuel/taskprocess/ARMTaskProcessCheckers/despot/devel/share/laser_tag/cmake/laser_tagConfig-version.cmake)
Linked: (/home/manuel/taskprocess/ARMTaskProcessCheckers/despot/devel/.private/laser_tag/share/laser_tag/cmake/laser_tag-msg-extras.cmake, /home/manuel/taskprocess/ARMTaskProcessCheckers/despot/devel/share/laser_tag/cmake/laser_tag-msg-extras.cmake)
Linked: (/home/manuel/taskprocess/ARMTaskProcessCheckers/despot/devel/.private/laser_tag/share/laser_tag/cmake/laser_tagConfig.cmake, /home/manuel/taskprocess/ARMTaskProcessCheckers/despot/devel/share/laser_tag/cmake/laser_tagConfig.cmake)
Linked: (/home/manuel/taskprocess/ARMTaskProcessCheckers/despot/devel/.private/laser_tag/share/gennodejs/ros/laser_tag/_index.js, /home/manuel/taskprocess/ARMTaskProcessCheckers/despot/devel/share/gennodejs/ros/laser_tag/_index.js)
Linked: (/home/manuel/taskprocess/ARMTaskProcessCheckers/despot/devel/.private/laser_tag/share/gennodejs/ros/laser_tag/srv/YoubotActionObs.js, /home/manuel/taskprocess/ARMTaskProcessCheckers/despot/devel/share/gennodejs/ros/laser_tag/srv/YoubotActionObs.js)
Linked: (/home/manuel/taskprocess/ARMTaskProcessCheckers/despot/devel/.private/laser_tag/share/gennodejs/ros/laser_tag/srv/_index.js, /home/manuel/taskprocess/ARMTaskProcessCheckers/despot/devel/share/gennodejs/ros/laser_tag/srv/_index.js)
Linked: (/home/manuel/taskprocess/ARMTaskProcessCheckers/despot/devel/.private/laser_tag/share/gennodejs/ros/laser_tag/srv/TagActionObs.js, /home/manuel/taskprocess/ARMTaskProcessCheckers/despot/devel/share/gennodejs/ros/laser_tag/srv/TagActionObs.js)
Linked: (/home/manuel/taskprocess/ARMTaskProcessCheckers/despot/devel/.private/laser_tag/share/common-lisp/ros/laser_tag/srv/_package.lisp, /home/manuel/taskprocess/ARMTaskProcessCheckers/despot/devel/share/common-lisp/ros/laser_tag/srv/_package.lisp)
Linked: (/home/manuel/taskprocess/ARMTaskProcessCheckers/despot/devel/.private/laser_tag/share/common-lisp/ros/laser_tag/srv/YoubotActionObs.lisp, /home/manuel/taskprocess/ARMTaskProcessCheckers/despot/devel/share/common-lisp/ros/laser_tag/srv/YoubotActionObs.lisp)
Linked: (/home/manuel/taskprocess/ARMTaskProcessCheckers/despot/devel/.private/laser_tag/share/common-lisp/ros/laser_tag/srv/_package_YoubotActionObs.lisp, /home/manuel/taskprocess/ARMTaskProcessCheckers/despot/devel/share/common-lisp/ros/laser_tag/srv/_package_YoubotActionObs.lisp)
Linked: (/home/manuel/taskprocess/ARMTaskProcessCheckers/despot/devel/.private/laser_tag/share/common-lisp/ros/laser_tag/srv/TagActionObs.lisp, /home/manuel/taskprocess/ARMTaskProcessCheckers/despot/devel/share/common-lisp/ros/laser_tag/srv/TagActionObs.lisp)
Linked: (/home/manuel/taskprocess/ARMTaskProcessCheckers/despot/devel/.private/laser_tag/share/common-lisp/ros/laser_tag/srv/laser_tag-srv.asd, /home/manuel/taskprocess/ARMTaskProcessCheckers/despot/devel/share/common-lisp/ros/laser_tag/srv/laser_tag-srv.asd)
Linked: (/home/manuel/taskprocess/ARMTaskProcessCheckers/despot/devel/.private/laser_tag/share/common-lisp/ros/laser_tag/srv/_package_TagActionObs.lisp, /home/manuel/taskprocess/ARMTaskProcessCheckers/despot/devel/share/common-lisp/ros/laser_tag/srv/_package_TagActionObs.lisp)
Linked: (/home/manuel/taskprocess/ARMTaskProcessCheckers/despot/devel/.private/laser_tag/include/laser_tag/YoubotActionObsRequest.h, /home/manuel/taskprocess/ARMTaskProcessCheckers/despot/devel/include/laser_tag/YoubotActionObsRequest.h)
Linked: (/home/manuel/taskprocess/ARMTaskProcessCheckers/despot/devel/.private/laser_tag/include/laser_tag/TagActionObsRequest.h, /home/manuel/taskprocess/ARMTaskProcessCheckers/despot/devel/include/laser_tag/TagActionObsRequest.h)
Linked: (/home/manuel/taskprocess/ARMTaskProcessCheckers/despot/devel/.private/laser_tag/include/laser_tag/TagActionObsResponse.h, /home/manuel/taskprocess/ARMTaskProcessCheckers/despot/devel/include/laser_tag/TagActionObsResponse.h)
Linked: (/home/manuel/taskprocess/ARMTaskProcessCheckers/despot/devel/.private/laser_tag/include/laser_tag/TagActionObs.h, /home/manuel/taskprocess/ARMTaskProcessCheckers/despot/devel/include/laser_tag/TagActionObs.h)
Linked: (/home/manuel/taskprocess/ARMTaskProcessCheckers/despot/devel/.private/laser_tag/include/laser_tag/YoubotActionObs.h, /home/manuel/taskprocess/ARMTaskProcessCheckers/despot/devel/include/laser_tag/YoubotActionObs.h)
Linked: (/home/manuel/taskprocess/ARMTaskProcessCheckers/despot/devel/.private/laser_tag/include/laser_tag/YoubotActionObsResponse.h, /home/manuel/taskprocess/ARMTaskProcessCheckers/despot/devel/include/laser_tag/YoubotActionObsResponse.h)
