Determining if the pthread_create exist failed with the following output:
Change Dir: /home/manuel/taskprocess/ARMTaskProcessCheckers/despot/build/youbot_gazebo_worlds/CMakeFiles/CMakeTmp

Run Build Command:"/usr/bin/make" "cmTC_0af97/fast"
/usr/bin/make -f CMakeFiles/cmTC_0af97.dir/build.make CMakeFiles/cmTC_0af97.dir/build
make[1]: Entering directory '/home/manuel/taskprocess/ARMTaskProcessCheckers/despot/build/youbot_gazebo_worlds/CMakeFiles/CMakeTmp'
Building C object CMakeFiles/cmTC_0af97.dir/CheckSymbolExists.c.o
/usr/bin/cc    -o CMakeFiles/cmTC_0af97.dir/CheckSymbolExists.c.o   -c /home/manuel/taskprocess/ARMTaskProcessCheckers/despot/build/youbot_gazebo_worlds/CMakeFiles/CMakeTmp/CheckSymbolExists.c
Linking C executable cmTC_0af97
/usr/bin/cmake -E cmake_link_script CMakeFiles/cmTC_0af97.dir/link.txt --verbose=1
/usr/bin/cc      -rdynamic CMakeFiles/cmTC_0af97.dir/CheckSymbolExists.c.o  -o cmTC_0af97 
CMakeFiles/cmTC_0af97.dir/CheckSymbolExists.c.o: In function `main':
CheckSymbolExists.c:(.text+0x1b): undefined reference to `pthread_create'
collect2: error: ld returned 1 exit status
CMakeFiles/cmTC_0af97.dir/build.make:97: recipe for target 'cmTC_0af97' failed
make[1]: *** [cmTC_0af97] Error 1
make[1]: Leaving directory '/home/manuel/taskprocess/ARMTaskProcessCheckers/despot/build/youbot_gazebo_worlds/CMakeFiles/CMakeTmp'
Makefile:126: recipe for target 'cmTC_0af97/fast' failed
make: *** [cmTC_0af97/fast] Error 2

File /home/manuel/taskprocess/ARMTaskProcessCheckers/despot/build/youbot_gazebo_worlds/CMakeFiles/CMakeTmp/CheckSymbolExists.c:
/* */
#include <pthread.h>

int main(int argc, char** argv)
{
  (void)argv;
#ifndef pthread_create
  return ((int*)(&pthread_create))[argc];
#else
  (void)argc;
  return 0;
#endif
}

Determining if the function pthread_create exists in the pthreads failed with the following output:
Change Dir: /home/manuel/taskprocess/ARMTaskProcessCheckers/despot/build/youbot_gazebo_worlds/CMakeFiles/CMakeTmp

Run Build Command:"/usr/bin/make" "cmTC_af5bb/fast"
/usr/bin/make -f CMakeFiles/cmTC_af5bb.dir/build.make CMakeFiles/cmTC_af5bb.dir/build
make[1]: Entering directory '/home/manuel/taskprocess/ARMTaskProcessCheckers/despot/build/youbot_gazebo_worlds/CMakeFiles/CMakeTmp'
Building C object CMakeFiles/cmTC_af5bb.dir/CheckFunctionExists.c.o
/usr/bin/cc   -DCHECK_FUNCTION_EXISTS=pthread_create   -o CMakeFiles/cmTC_af5bb.dir/CheckFunctionExists.c.o   -c /usr/share/cmake-3.10/Modules/CheckFunctionExists.c
Linking C executable cmTC_af5bb
/usr/bin/cmake -E cmake_link_script CMakeFiles/cmTC_af5bb.dir/link.txt --verbose=1
/usr/bin/cc  -DCHECK_FUNCTION_EXISTS=pthread_create    -rdynamic CMakeFiles/cmTC_af5bb.dir/CheckFunctionExists.c.o  -o cmTC_af5bb -lpthreads 
/usr/bin/ld: cannot find -lpthreads
collect2: error: ld returned 1 exit status
CMakeFiles/cmTC_af5bb.dir/build.make:97: recipe for target 'cmTC_af5bb' failed
make[1]: *** [cmTC_af5bb] Error 1
make[1]: Leaving directory '/home/manuel/taskprocess/ARMTaskProcessCheckers/despot/build/youbot_gazebo_worlds/CMakeFiles/CMakeTmp'
Makefile:126: recipe for target 'cmTC_af5bb/fast' failed
make: *** [cmTC_af5bb/fast] Error 2


